<?xml version="1.0" encoding="UTF-8" ?>
<testsuite failures="0" time="0.407" errors="0" skipped="10" tests="12" name="com.uhc.aarp.preferences.automation.util.CucumberRunnerTest">
  <properties>
    <property name="idea.version" value="14.1.3"/>
    <property name="java.runtime.name" value="Java(TM) SE Runtime Environment"/>
    <property name="sun.boot.library.path" value="/Library/Java/JavaVirtualMachines/jdk1.7.0_79.jdk/Contents/Home/jre/lib"/>
    <property name="java.vm.version" value="24.79-b02"/>
    <property name="gopherProxySet" value="false"/>
    <property name="java.vm.vendor" value="Oracle Corporation"/>
    <property name="java.vendor.url" value="http://java.oracle.com/"/>
    <property name="path.separator" value=":"/>
    <property name="guice.disable.misplaced.annotation.check" value="true"/>
    <property name="java.vm.name" value="Java HotSpot(TM) 64-Bit Server VM"/>
    <property name="file.encoding.pkg" value="sun.io"/>
    <property name="idea.launcher.port" value="7534"/>
    <property name="user.country" value="US"/>
    <property name="sun.java.launcher" value="SUN_STANDARD"/>
    <property name="sun.os.patch.level" value="unknown"/>
    <property name="java.vm.specification.name" value="Java Virtual Machine Specification"/>
    <property name="user.dir" value="/Users/lnampal/dev/code/codehub/preferences-automation-parent"/>
    <property name="java.runtime.version" value="1.7.0_79-b15"/>
    <property name="java.awt.graphicsenv" value="sun.awt.CGraphicsEnvironment"/>
    <property name="java.endorsed.dirs" value="/Library/Java/JavaVirtualMachines/jdk1.7.0_79.jdk/Contents/Home/jre/lib/endorsed"/>
    <property name="os.arch" value="x86_64"/>
    <property name="java.io.tmpdir" value="/var/folders/vl/7zfpywcn4vsf2z6p17336h2jfczxtv/T/"/>
    <property name="line.separator" value="
"/>
    <property name="java.vm.specification.vendor" value="Oracle Corporation"/>
    <property name="os.name" value="Mac OS X"/>
    <property name="classworlds.conf" value="/Applications/IntelliJIDEAUltimate_14.1.3.app/Contents/plugins/maven/lib/maven3/bin/m2.conf"/>
    <property name="sun.jnu.encoding" value="UTF-8"/>
    <property name="java.library.path" value="/Users/lnampal/Library/Java/Extensions:/Library/Java/Extensions:/Network/Library/Java/Extensions:/System/Library/Java/Extensions:/usr/lib/java:."/>
    <property name="java.specification.name" value="Java Platform API Specification"/>
    <property name="java.class.version" value="51.0"/>
    <property name="sun.management.compiler" value="HotSpot 64-Bit Tiered Compilers"/>
    <property name="os.version" value="10.9.5"/>
    <property name="user.home" value="/Users/lnampal"/>
    <property name="user.timezone" value="America/New_York"/>
    <property name="java.awt.printerjob" value="sun.lwawt.macosx.CPrinterJob"/>
    <property name="java.specification.version" value="1.7"/>
    <property name="idea.launcher.bin.path" value="/Applications/IntelliJIDEAUltimate_14.1.3.app/Contents/bin"/>
    <property name="file.encoding" value="UTF-8"/>
    <property name="user.name" value="lnampal"/>
    <property name="java.class.path" value="/Applications/IntelliJIDEAUltimate_14.1.3.app/Contents/plugins/maven/lib/maven3/boot/plexus-classworlds-2.4.jar:/Applications/IntelliJIDEAUltimate_14.1.3.app/Contents/lib/idea_rt.jar"/>
    <property name="java.vm.specification.version" value="1.7"/>
    <property name="sun.arch.data.model" value="64"/>
    <property name="java.home" value="/Library/Java/JavaVirtualMachines/jdk1.7.0_79.jdk/Contents/Home/jre"/>
    <property name="sun.java.command" value="com.intellij.rt.execution.application.AppMain org.codehaus.classworlds.Launcher -Didea.version=14.1.3 install"/>
    <property name="java.specification.vendor" value="Oracle Corporation"/>
    <property name="user.language" value="en"/>
    <property name="awt.toolkit" value="sun.lwawt.macosx.LWCToolkit"/>
    <property name="java.vm.info" value="mixed mode"/>
    <property name="java.version" value="1.7.0_79"/>
    <property name="java.ext.dirs" value="/Users/lnampal/Library/Java/Extensions:/Library/Java/JavaVirtualMachines/jdk1.7.0_79.jdk/Contents/Home/jre/lib/ext:/Library/Java/Extensions:/Network/Library/Java/Extensions:/System/Library/Java/Extensions:/usr/lib/java"/>
    <property name="sun.boot.class.path" value="/Library/Java/JavaVirtualMachines/jdk1.7.0_79.jdk/Contents/Home/jre/lib/resources.jar:/Library/Java/JavaVirtualMachines/jdk1.7.0_79.jdk/Contents/Home/jre/lib/rt.jar:/Library/Java/JavaVirtualMachines/jdk1.7.0_79.jdk/Contents/Home/jre/lib/sunrsasign.jar:/Library/Java/JavaVirtualMachines/jdk1.7.0_79.jdk/Contents/Home/jre/lib/jsse.jar:/Library/Java/JavaVirtualMachines/jdk1.7.0_79.jdk/Contents/Home/jre/lib/jce.jar:/Library/Java/JavaVirtualMachines/jdk1.7.0_79.jdk/Contents/Home/jre/lib/charsets.jar:/Library/Java/JavaVirtualMachines/jdk1.7.0_79.jdk/Contents/Home/jre/lib/jfr.jar:/Library/Java/JavaVirtualMachines/jdk1.7.0_79.jdk/Contents/Home/jre/classes"/>
    <property name="java.vendor" value="Oracle Corporation"/>
    <property name="maven.home" value="/Applications/IntelliJIDEAUltimate_14.1.3.app/Contents/plugins/maven/lib/maven3"/>
    <property name="file.separator" value="/"/>
    <property name="java.vendor.url.bug" value="http://bugreport.sun.com/bugreport/"/>
    <property name="sun.cpu.endian" value="little"/>
    <property name="sun.io.unicode.encoding" value="UnicodeBig"/>
    <property name="sun.cpu.isalist" value=""/>
  </properties>
  <testcase time="0.006" classname="| 12345678 | expectedFiles\/expectedFile_31352553411.json | 200 | CR12 - TC#0 |" name="Given I provide a individual id as \&quot;12345678\&quot;">
    <skipped/>
  </testcase>
  <testcase time="0.007" classname="| 12345678 | expectedFiles\/expectedFile_31352553411.json | 200 | CR12 - TC#0 |" name="When I invoke the get preferences API">
    <skipped/>
  </testcase>
  <testcase time="0.008" classname="| 12345678 | expectedFiles\/expectedFile_31352553411.json | 200 | CR12 - TC#0 |" name="Then I expect the response as \&quot;expectedFiles\/expectedFile_31352553411.json\&quot;">
    <skipped/>
  </testcase>
  <testcase time="0.008" classname="| 12345678 | expectedFiles\/expectedFile_31352553411.json | 200 | CR12 - TC#0 |" name="And I expect the response to be \&quot;200\&quot;">
    <skipped/>
  </testcase>
  <testcase time="0.009" classname="| 12345678 | expectedFiles\/expectedFile_31352553411.json | 200 | CR12 - TC#0 |" name="| 12345678 | expectedFiles\/expectedFile_31352553411.json | 200 | CR12 - TC#0 |">
    <skipped/>
  </testcase>
  <testcase time="0.009" classname="| 12345678 | expectedFiles\/expectedFile_31352553411.json | 200 | CR12 - TC#0 |" name="| 12345678 | expectedFiles\/expectedFile_31352553411.json | 200 | CR12 - TC#0 |"/>
  <testcase time="0.004" classname="| 35162625611 | expectedFiles\/expectedFile_35162625611.json | 200 | CR12 - TC#1 |" name="Given I provide a individual id as \&quot;35162625611\&quot;">
    <skipped/>
  </testcase>
  <testcase time="0.005" classname="| 35162625611 | expectedFiles\/expectedFile_35162625611.json | 200 | CR12 - TC#1 |" name="When I invoke the get preferences API">
    <skipped/>
  </testcase>
  <testcase time="0.007" classname="| 35162625611 | expectedFiles\/expectedFile_35162625611.json | 200 | CR12 - TC#1 |" name="Then I expect the response as \&quot;expectedFiles\/expectedFile_35162625611.json\&quot;">
    <skipped/>
  </testcase>
  <testcase time="0.007" classname="| 35162625611 | expectedFiles\/expectedFile_35162625611.json | 200 | CR12 - TC#1 |" name="And I expect the response to be \&quot;200\&quot;">
    <skipped/>
  </testcase>
  <testcase time="0.007" classname="| 35162625611 | expectedFiles\/expectedFile_35162625611.json | 200 | CR12 - TC#1 |" name="| 35162625611 | expectedFiles\/expectedFile_35162625611.json | 200 | CR12 - TC#1 |">
    <skipped/>
  </testcase>
  <testcase time="0.008" classname="| 35162625611 | expectedFiles\/expectedFile_35162625611.json | 200 | CR12 - TC#1 |" name="| 35162625611 | expectedFiles\/expectedFile_35162625611.json | 200 | CR12 - TC#1 |"/>
</testsuite>